<?xml version="1.0" encoding="UTF-8"?>
<testsuite xmlns:xsi="http://www.w3.org/2001/XMLSchema-instance" xsi:noNamespaceSchemaLocation="https://maven.apache.org/surefire/maven-surefire-plugin/xsd/surefire-test-report-3.0.xsd" version="3.0" name="com.barber.BarberApplicationTests" time="8.585" tests="1" errors="0" skipped="0" failures="0">
  <properties>
[...]
</properties>
  <testcase name="contextLoads" classname="com.barber.BarberApplicationTests" time="0.347">
    <system-out><![CDATA[15:32:10.147 [main] INFO org.springframework.test.context.support.AnnotationConfigContextLoaderUtils -- Could not detect default configuration classes for test class [com.barber.BarberApplicationTests]: BarberApplicationTests does not declare any static, non-private, non-final, nested classes annotated with @Configuration.
15:32:10.223 [main] INFO org.springframework.boot.test.context.SpringBootTestContextBootstrapper -- Found @SpringBootConfiguration com.barber.BarberApplication for test class com.barber.BarberApplicationTests
15:32:10.333 [main] INFO org.springframework.boot.devtools.restart.RestartApplicationListener -- Restart disabled due to context in which it is running

  .   ____          _            __ _ _
 /\\ / ___'_ __ _ _(_)_ __  __ _ \ \ \ \
( ( )\___ | '_ | '_| | '_ \/ _` | \ \ \ \
 \\/  ___)| |_)| | | | | || (_| |  ) ) ) )
  '  |____| .__|_| |_|_| |_\__, | / / / /
 =========|_|==============|___/=/_/_/_/

 :: Spring Boot ::                (v3.3.2)

2024-08-25T15:32:10.489+01:00  INFO 19424 --- [barber] [           main] com.barber.BarberApplicationTests        : Starting BarberApplicationTests using Java 21.0.3 with PID 19424 (started by Dario in C:\Users\Dario\Desktop\Carpetas\Programación\Java\WorkSpace\barber)
2024-08-25T15:32:10.489+01:00  INFO 19424 --- [barber] [           main] com.barber.BarberApplicationTests        : No active profile set, falling back to 1 default profile: "default"
2024-08-25T15:32:11.094+01:00  INFO 19424 --- [barber] [           main] .s.d.r.c.RepositoryConfigurationDelegate : Bootstrapping Spring Data JPA repositories in DEFAULT mode.
2024-08-25T15:32:11.138+01:00  INFO 19424 --- [barber] [           main] .s.d.r.c.RepositoryConfigurationDelegate : Finished Spring Data repository scanning in 35 ms. Found 5 JPA repository interfaces.
2024-08-25T15:32:11.525+01:00  INFO 19424 --- [barber] [           main] o.hibernate.jpa.internal.util.LogHelper  : HHH000204: Processing PersistenceUnitInfo [name: default]
2024-08-25T15:32:11.608+01:00  INFO 19424 --- [barber] [           main] org.hibernate.Version                    : HHH000412: Hibernate ORM core version 6.5.2.Final
2024-08-25T15:32:11.632+01:00  INFO 19424 --- [barber] [           main] o.h.c.internal.RegionFactoryInitiator    : HHH000026: Second-level cache disabled
2024-08-25T15:32:11.887+01:00  INFO 19424 --- [barber] [           main] o.s.o.j.p.SpringPersistenceUnitInfo      : No LoadTimeWeaver setup: ignoring JPA class transformer
2024-08-25T15:32:11.913+01:00  INFO 19424 --- [barber] [           main] com.zaxxer.hikari.HikariDataSource       : HikariPool-1 - Starting...
2024-08-25T15:32:12.718+01:00  INFO 19424 --- [barber] [           main] com.zaxxer.hikari.pool.HikariPool        : HikariPool-1 - Added connection org.postgresql.jdbc.PgConnection@60e47aab
2024-08-25T15:32:12.719+01:00  INFO 19424 --- [barber] [           main] com.zaxxer.hikari.HikariDataSource       : HikariPool-1 - Start completed.
2024-08-25T15:32:13.595+01:00  INFO 19424 --- [barber] [           main] o.h.e.t.j.p.i.JtaPlatformInitiator       : HHH000489: No JTA platform available (set 'hibernate.transaction.jta.platform' to enable JTA platform integration)
Hibernate: alter table if exists user_table alter column schedule set data type TEXT
2024-08-25T15:32:15.354+01:00  INFO 19424 --- [barber] [           main] j.LocalContainerEntityManagerFactoryBean : Initialized JPA EntityManagerFactory for persistence unit 'default'
2024-08-25T15:32:15.732+01:00  WARN 19424 --- [barber] [           main] JpaBaseConfiguration$JpaWebConfiguration : spring.jpa.open-in-view is enabled by default. Therefore, database queries may be performed during view rendering. Explicitly configure spring.jpa.open-in-view to disable this warning
2024-08-25T15:32:15.773+01:00  INFO 19424 --- [barber] [           main] r$InitializeUserDetailsManagerConfigurer : Global AuthenticationManager configured with UserDetailsService bean with name userDetailServiceImpl
2024-08-25T15:32:16.379+01:00  INFO 19424 --- [barber] [           main] com.barber.BarberApplicationTests        : Started BarberApplicationTests in 6.053 seconds (process running for 6.864)
Hibernate: select r1_0.id_rol,r1_0.name from rol_table r1_0 where r1_0.id_rol=?
Hibernate: select a1_0.id_appointment,a1_0.appointment_time,a1_0.barber_id,a1_0.client_id,a1_0.comments,a1_0.service_id,a1_0.id_status from appointment_table a1_0
Hibernate: select s1_0.id_status,s1_0.name from status_table s1_0 where s1_0.id_status=?
Hibernate: select r1_0.id_rol,r1_0.name from rol_table r1_0 where r1_0.id_rol=?
Hibernate: select s1_0.id_status,s1_0.name from status_table s1_0 where s1_0.id_status=?
Hibernate: select s1_0.id_status,s1_0.name from status_table s1_0 where s1_0.id_status=?
Hibernate: select s1_0.id_status,s1_0.name from status_table s1_0 where s1_0.id_status=?
Hibernate: select s1_0.id_status,s1_0.name from status_table s1_0 where s1_0.id_status=?
Hibernate: select s1_0.id_service,s1_0.name,s1_0.price from services s1_0 where s1_0.id_service=?
Hibernate: select s1_0.id_service,s1_0.name,s1_0.price from services s1_0 where s1_0.id_service=?
Hibernate: select s1_0.id_service,s1_0.name,s1_0.price from services s1_0 where s1_0.id_service=?
Hibernate: select u1_0.id_user,u1_0.email,u1_0.name,u1_0.password,u1_0.phone,u1_0.photo,r1_0.id_rol,r1_0.name,u1_0.schedule,u1_0.verification_code,u1_0.verified from user_table u1_0 left join rol_table r1_0 on r1_0.id_rol=u1_0.id_rol where u1_0.id_user=?
Hibernate: update user_table set email=?,name=?,password=?,phone=?,photo=?,id_rol=?,schedule=?,verification_code=?,verified=? where id_user=?
Hibernate: select u1_0.id_user,u1_0.email,u1_0.name,u1_0.password,u1_0.phone,u1_0.photo,r1_0.id_rol,r1_0.name,u1_0.schedule,u1_0.verification_code,u1_0.verified from user_table u1_0 left join rol_table r1_0 on r1_0.id_rol=u1_0.id_rol where u1_0.id_user=?
Hibernate: update user_table set email=?,name=?,password=?,phone=?,photo=?,id_rol=?,schedule=?,verification_code=?,verified=? where id_user=?
Hibernate: select u1_0.id_user,u1_0.email,u1_0.name,u1_0.password,u1_0.phone,u1_0.photo,r1_0.id_rol,r1_0.name,u1_0.schedule,u1_0.verification_code,u1_0.verified from user_table u1_0 left join rol_table r1_0 on r1_0.id_rol=u1_0.id_rol where u1_0.id_user=?
Hibernate: update user_table set email=?,name=?,password=?,phone=?,photo=?,id_rol=?,schedule=?,verification_code=?,verified=? where id_user=?
Hibernate: select u1_0.id_user,u1_0.email,u1_0.name,u1_0.password,u1_0.phone,u1_0.photo,r1_0.id_rol,r1_0.name,u1_0.schedule,u1_0.verification_code,u1_0.verified from user_table u1_0 left join rol_table r1_0 on r1_0.id_rol=u1_0.id_rol where u1_0.id_user=?
Hibernate: update user_table set email=?,name=?,password=?,phone=?,photo=?,id_rol=?,schedule=?,verification_code=?,verified=? where id_user=?
]]></system-out>
    <system-err><![CDATA[WARNING: A Java agent has been loaded dynamically (C:\Users\Dario\.m2\repository\net\bytebuddy\byte-buddy-agent\1.14.18\byte-buddy-agent-1.14.18.jar)
WARNING: If a serviceability tool is in use, please run with -XX:+EnableDynamicAgentLoading to hide this warning
WARNING: If a serviceability tool is not in use, please run with -Djdk.instrument.traceUsage for more information
WARNING: Dynamic loading of agents will be disallowed by default in a future release
]]></system-err>
  </testcase>
</testsuite>